#
# There is insufficient memory for the Java Runtime Environment to continue.
# Native memory allocation (malloc) failed to allocate 65536 bytes for offset table expansion
# Possible reasons:
#   The system is out of physical RAM or swap space
#   In 32 bit mode, the process size limit was hit
# Possible solutions:
#   Reduce memory load on the system
#   Increase physical memory or swap space
#   Check if swap backing store is full
#   Use 64 bit Java on a 64 bit OS
#   Decrease Java heap size (-Xmx/-Xms)
#   Decrease number of Java threads
#   Decrease Java thread stack sizes (-Xss)
#   Set larger code cache with -XX:ReservedCodeCacheSize=
# This output file may be truncated or incomplete.
#
#  Out of Memory Error (blockOffsetTable.cpp:83), pid=6844, tid=7048
#
# JRE version: Java(TM) SE Runtime Environment (7.0_80-b15) (build 1.7.0_80-b15)
# Java VM: Java HotSpot(TM) Client VM (24.80-b11 mixed mode windows-x86 )
# Failed to write core dump. Minidumps are not enabled by default on client versions of Windows
#

---------------  T H R E A D  ---------------

Current thread (0x49fa0c00):  VMThread [stack: 0x00630000,0x00680000] [id=7048]

Stack: [0x00630000,0x00680000],  sp=0x0067f244,  free space=316k
Native frames: (J=compiled Java code, j=interpreted, Vv=VM code, C=native code)
V  [jvm.dll+0x192384]
V  [jvm.dll+0x18bb85]
V  [jvm.dll+0x79bd0]
V  [jvm.dll+0x87ebb]
V  [jvm.dll+0x87caf]
V  [jvm.dll+0x87e07]
V  [jvm.dll+0x88517]
V  [jvm.dll+0x86ca4]
V  [jvm.dll+0x8832b]
V  [jvm.dll+0x7fbed]
V  [jvm.dll+0xa3d43]
V  [jvm.dll+0x8eda3]
V  [jvm.dll+0x88101]
V  [jvm.dll+0x856f7]
V  [jvm.dll+0x7f487]
V  [jvm.dll+0x86739]
V  [jvm.dll+0x7d363]
V  [jvm.dll+0x1a0756]
V  [jvm.dll+0x169b2b]
V  [jvm.dll+0x168ee1]
V  [jvm.dll+0x1692f7]
V  [jvm.dll+0x1694f2]
V  [jvm.dll+0x1a92f9]
C  [msvcr100.dll+0x5c556]
C  [msvcr100.dll+0x5c600]
C  [kernel32.dll+0x4ed5c]
C  [ntdll.dll+0x637eb]
C  [ntdll.dll+0x637be]

VM_Operation (0x4a71ef64): GenCollectForAllocation, mode: safepoint, requested by thread 0x4a087800


---------------  P R O C E S S  ---------------

Java Threads: ( => current thread )
  0x4a083000 JavaThread "pool-1-thread-4" [_thread_blocked, id=18060, stack(0x4a390000,0x4a3e0000)]
  0x4a087800 JavaThread "pool-1-thread-3" [_thread_blocked, id=19736, stack(0x4a6d0000,0x4a720000)]
  0x4a086400 JavaThread "pool-1-thread-2" [_thread_blocked, id=16600, stack(0x4a650000,0x4a6a0000)]
  0x4a07fc00 JavaThread "pool-2-thread-1" [_thread_blocked, id=15152, stack(0x4a2a0000,0x4a2f0000)]
  0x4a070000 JavaThread "pool-1-thread-1" [_thread_blocked, id=3936, stack(0x00a90000,0x00ae0000)]
  0x49fd9800 JavaThread "Service Thread" daemon [_thread_blocked, id=15204, stack(0x4a310000,0x4a360000)]
  0x49fd8400 JavaThread "C1 CompilerThread0" daemon [_thread_blocked, id=15964, stack(0x03d50000,0x03da0000)]
  0x49ff2c00 JavaThread "Attach Listener" daemon [_thread_blocked, id=7944, stack(0x4a220000,0x4a270000)]
  0x49ff1800 JavaThread "Signal Dispatcher" daemon [_thread_blocked, id=9832, stack(0x00c00000,0x00c50000)]
  0x49fa8c00 JavaThread "Finalizer" daemon [_thread_blocked, id=14212, stack(0x03cc0000,0x03d10000)]
  0x49fa3c00 JavaThread "Reference Handler" daemon [_thread_blocked, id=12736, stack(0x00a10000,0x00a60000)]
  0x0060c800 JavaThread "main" [_thread_blocked, id=13460, stack(0x00b70000,0x00bc0000)]

Other Threads:
=>0x49fa0c00 VMThread [stack: 0x00630000,0x00680000] [id=7048]
  0x49fdc400 WatcherThread [stack: 0x4a400000,0x4a450000] [id=15616]

VM state:at safepoint (normal execution)

VM Mutex/Monitor currently owned by a thread:  ([mutex/lock_event])
[0x0060a3b0] Threads_lock - owner thread: 0x49fa0c00
[0x0060a7c0] Heap_lock - owner thread: 0x4a087800

Heap
 def new generation   total 13248K, used 11840K [0x03e00000, 0x04c50000, 0x19350000)
  eden space 11840K, 100% used [0x03e00000, 0x04990000, 0x04990000)
  from space 1408K,   0% used [0x04990000, 0x04990000, 0x04af0000)
  to   space 1408K, 100% used [0x04af0000, 0x04c50000, 0x04c50000)
 tenured generation   total 32764K, used 32763K [0x19350000, 0x1b350000, 0x43e00000)
   the space 32764K,  99% used [0x19350000, 0x1b34ef40, 0x1b34f000, 0x1b34f000)
 compacting perm gen  total 12288K, used 3294K [0x43e00000, 0x44a00000, 0x47e00000)
   the space 12288K,  26% used [0x43e00000, 0x44137880, 0x44137a00, 0x44a00000)
No shared spaces configured.

Card table byte_map: [0x49c00000,0x49e30000] byte_map_base: 0x49be1000

Polling page: 0x00140000

Code Cache  [0x01cb0000, 0x01ed0000, 0x03cb0000)
 total_blobs=1000 nmethods=860 adapters=74 free_code_cache=30592Kb largest_free_block=31326784

Compilation events (10 events):
Event: 3.066 Thread 0x49fd8400  858             com.android.dx.util.IntList::insert (115 bytes)
Event: 3.066 Thread 0x49fd8400 nmethod 858 0x01ecbec8 code [0x01ecc000, 0x01ecc294]
Event: 3.115 Thread 0x49fd8400  859             sun.misc.VM::addFinalRefCount (24 bytes)
Event: 3.115 Thread 0x49fd8400 nmethod 859 0x01ecc4c8 code [0x01ecc5c0, 0x01ecc660]
Event: 3.115 Thread 0x49fd8400  860             com.android.dx.ssa.SsaConverter::placePhiFunctions (394 bytes)
Event: 3.117 Thread 0x49fd8400 nmethod 860 0x01ecc6c8 code [0x01ecca10, 0x01ecd9f8]
Event: 3.117 Thread 0x49fd8400  861             com.android.dx.rop.type.Prototype::compareTo (120 bytes)
Event: 3.259 Thread 0x49fd8400 

Event: 3.263 Thread 0x49fd8400  862             com.android.dx.rop.code.RegisterSpec::withLocalItem (41 bytes)
Event: 3.264 Thread 0x49fd8400 


GC Heap History (10 events):
Event: 3.114 GC heap after
Heap after GC invocations=20 (full 5):
 def new generation   total 4928K, used 441K [0x03e00000, 0x04350000, 0x19350000)
  eden space 4416K,  10% used [0x03e00000, 0x03e6e6a0, 0x04250000)
  from space 512K,   0% used [0x04250000, 0x04250000, 0x042d0000)
  to   space 512K,   0% used [0x042d0000, 0x042d0000, 0x04350000)
 tenured generation   total 23032K, used 23031K [0x19350000, 0x1a9ce000, 0x43e00000)
   the space 23032K,  99% used [0x19350000, 0x1a9cdff8, 0x1a9ce000, 0x1a9ce000)
 compacting perm gen  total 12288K, used 3293K [0x43e00000, 0x44a00000, 0x47e00000)
   the space 12288K,  26% used [0x43e00000, 0x441377f0, 0x44137800, 0x44a00000)
No shared spaces configured.
}
Event: 3.127 GC heap before
{Heap before GC invocations=20 (full 5):
 def new generation   total 4928K, used 4416K [0x03e00000, 0x04350000, 0x19350000)
  eden space 4416K, 100% used [0x03e00000, 0x04250000, 0x04250000)
  from space 512K,   0% used [0x04250000, 0x04250000, 0x042d0000)
  to   space 512K,   0% used [0x042d0000, 0x042d0000, 0x04350000)
 tenured generation   total 23032K, used 23031K [0x19350000, 0x1a9ce000, 0x43e00000)
   the space 23032K,  99% used [0x19350000, 0x1a9cdff8, 0x1a9ce000, 0x1a9ce000)
 compacting perm gen  total 12288K, used 3294K [0x43e00000, 0x44a00000, 0x47e00000)
   the space 12288K,  26% used [0x43e00000, 0x44137890, 0x44137a00, 0x44a00000)
No shared spaces configured.
Event: 3.259 GC heap after
Heap after GC invocations=21 (full 6):
 def new generation   total 4928K, used 1342K [0x03e00000, 0x04350000, 0x19350000)
  eden space 4416K,  30% used [0x03e00000, 0x03f4fad8, 0x04250000)
  from space 512K,   0% used [0x042d0000, 0x042d0000, 0x04350000)
  to   space 512K,   0% used [0x04250000, 0x04250000, 0x042d0000)
 tenured generation   total 23688K, used 23687K [0x19350000, 0x1aa72000, 0x43e00000)
   the space 23688K,  99% used [0x19350000, 0x1aa71ff8, 0x1aa72000, 0x1aa72000)
 compacting perm gen  total 12288K, used 3294K [0x43e00000, 0x44a00000, 0x47e00000)
   the space 12288K,  26% used [0x43e00000, 0x44137890, 0x44137a00, 0x44a00000)
No shared spaces configured.
}
Event: 3.268 GC heap before
{Heap before GC invocations=21 (full 6):
 def new generation   total 4928K, used 4416K [0x03e00000, 0x04350000, 0x19350000)
  eden space 4416K, 100% used [0x03e00000, 0x04250000, 0x04250000)
  from space 512K,   0% used [0x042d0000, 0x042d0000, 0x04350000)
  to   space 512K,   0% used [0x04250000, 0x04250000, 0x042d0000)
 tenured generation   total 23688K, used 23687K [0x19350000, 0x1aa72000, 0x43e00000)
   the space 23688K,  99% used [0x19350000, 0x1aa71ff8, 0x1aa72000, 0x1aa72000)
 compacting perm gen  total 12288K, used 3294K [0x43e00000, 0x44a00000, 0x47e00000)
   the space 12288K,  26% used [0x43e00000, 0x44137890, 0x44137a00, 0x44a00000)
No shared spaces configured.
Event: 3.466 GC heap after
Heap after GC invocations=22 (full 7):
 def new generation   total 10816K, used 1711K [0x03e00000, 0x049b0000, 0x19350000)
  eden space 9664K,  17% used [0x03e00000, 0x03fabf18, 0x04770000)
  from space 1152K,   0% used [0x04770000, 0x04770000, 0x04890000)
  to   space 1152K,   0% used [0x04890000, 0x04890000, 0x049b0000)
 tenured generation   total 23828K, used 23827K [0x19350000, 0x1aa95000, 0x43e00000)
   the space 23828K,  99% used [0x19350000, 0x1aa94fe8, 0x1aa95000, 0x1aa95000)
 compacting perm gen  total 12288K, used 3294K [0x43e00000, 0x44a00000, 0x47e00000)
   the space 12288K,  26% used [0x43e00000, 0x44137890, 0x44137a00, 0x44a00000)
No shared spaces configured.
}
Event: 3.489 GC heap before
{Heap before GC invocations=22 (full 7):
 def new generation   total 10816K, used 9664K [0x03e00000, 0x049b0000, 0x19350000)
  eden space 9664K, 100% used [0x03e00000, 0x04770000, 0x04770000)
  from space 1152K,   0% used [0x04770000, 0x04770000, 0x04890000)
  to   space 1152K,   0% used [0x04890000, 0x04890000, 0x049b0000)
 tenured generation   total 23828K, used 23827K [0x19350000, 0x1aa95000, 0x43e00000)
   the space 23828K,  99% used [0x19350000, 0x1aa94fe8, 0x1aa95000, 0x1aa95000)
 compacting perm gen  total 12288K, used 3294K [0x43e00000, 0x44a00000, 0x47e00000)
   the space 12288K,  26% used [0x43e00000, 0x44137890, 0x44137a00, 0x44a00000)
No shared spaces configured.
Event: 3.566 GC heap after
Heap after GC invocations=23 (full 8):
 def new generation   total 12032K, used 0K [0x03e00000, 0x04b00000, 0x19350000)
  eden space 10752K,   0% used [0x03e00000, 0x03e00000, 0x04880000)
  from space 1280K,   0% used [0x04880000, 0x04880000, 0x049c0000)
  to   space 1280K,   0% used [0x049c0000, 0x049c0000, 0x04b00000)
 tenured generation   total 26516K, used 25295K [0x19350000, 0x1ad35000, 0x43e00000)
   the space 26516K,  95% used [0x19350000, 0x1ac03df8, 0x1ac03e00, 0x1ad35000)
 compacting perm gen  total 12288K, used 3294K [0x43e00000, 0x44a00000, 0x47e00000)
   the space 12288K,  26% used [0x43e00000, 0x44137880, 0x44137a00, 0x44a00000)
No shared spaces configured.
}
Event: 3.593 GC heap before
{Heap before GC invocations=23 (full 8):
 def new generation   total 12032K, used 10752K [0x03e00000, 0x04b00000, 0x19350000)
  eden space 10752K, 100% used [0x03e00000, 0x04880000, 0x04880000)
  from space 1280K,   0% used [0x04880000, 0x04880000, 0x049c0000)
  to   space 1280K,   0% used [0x049c0000, 0x049c0000, 0x04b00000)
 tenured generation   total 26516K, used 25295K [0x19350000, 0x1ad35000, 0x43e00000)
   the space 26516K,  95% used [0x19350000, 0x1ac03df8, 0x1ac03e00, 0x1ad35000)
 compacting perm gen  total 12288K, used 3294K [0x43e00000, 0x44a00000, 0x47e00000)
   the space 12288K,  26% used [0x43e00000, 0x44137880, 0x44137a00, 0x44a00000)
No shared spaces configured.
Event: 3.662 GC heap after
Heap after GC invocations=24 (full 9):
 def new generation   total 13248K, used 347K [0x03e00000, 0x04c50000, 0x19350000)
  eden space 11840K,   2% used [0x03e00000, 0x03e56f28, 0x04990000)
  from space 1408K,   0% used [0x04990000, 0x04990000, 0x04af0000)
  to   space 1408K,   0% used [0x04af0000, 0x04af0000, 0x04c50000)
 tenured generation   total 29204K, used 29179K [0x19350000, 0x1afd5000, 0x43e00000)
   the space 29204K,  99% used [0x19350000, 0x1afcefd0, 0x1afcf000, 0x1afd5000)
 compacting perm gen  total 12288K, used 3294K [0x43e00000, 0x44a00000, 0x47e00000)
   the space 12288K,  26% used [0x43e00000, 0x44137880, 0x44137a00, 0x44a00000)
No shared spaces configured.
}
Event: 3.672 GC heap before
{Heap before GC invocations=24 (full 9):
 def new generation   total 13248K, used 11840K [0x03e00000, 0x04c50000, 0x19350000)
  eden space 11840K, 100% used [0x03e00000, 0x04990000, 0x04990000)
  from space 1408K,   0% used [0x04990000, 0x04990000, 0x04af0000)
  to   space 1408K,   0% used [0x04af0000, 0x04af0000, 0x04c50000)
 tenured generation   total 29204K, used 29179K [0x19350000, 0x1afd5000, 0x43e00000)
   the space 29204K,  99% used [0x19350000, 0x1afcefd0, 0x1afcf000, 0x1afd5000)
 compacting perm gen  total 12288K, used 3294K [0x43e00000, 0x44a00000, 0x47e00000)
   the space 12288K,  26% used [0x43e00000, 0x44137880, 0x44137a00, 0x44a00000)
No shared spaces configured.

Deoptimization events (0 events):
No events

Internal exceptions (10 events):
Event: 2.225 Thread 0x4a087800 Threw 0x03f19c58 at C:\re\jdk7u80\2329\hotspot\src\share\vm\prims\jvm.cpp:1319
Event: 2.435 Thread 0x0060c800 Threw 0x04109880 at C:\re\jdk7u80\2329\hotspot\src\share\vm\prims\jvm.cpp:1319
Event: 2.457 Thread 0x0060c800 Threw 0x03e13f28 at C:\re\jdk7u80\2329\hotspot\src\share\vm\prims\jvm.cpp:1319
Event: 2.459 Thread 0x4a087800 Threw 0x03e819a0 at C:\re\jdk7u80\2329\hotspot\src\share\vm\prims\jvm.cpp:1319
Event: 2.641 Thread 0x0060c800 Threw 0x03f2f480 at C:\re\jdk7u80\2329\hotspot\src\share\vm\prims\jvm.cpp:1319
Event: 2.642 Thread 0x0060c800 Threw 0x03f5b4a8 at C:\re\jdk7u80\2329\hotspot\src\share\vm\prims\jvm.cpp:1319
Event: 2.643 Thread 0x0060c800 Threw 0x03f9d630 at C:\re\jdk7u80\2329\hotspot\src\share\vm\prims\jvm.cpp:1319
Event: 2.645 Thread 0x0060c800 Threw 0x04041c08 at C:\re\jdk7u80\2329\hotspot\src\share\vm\prims\jvm.cpp:1319
Event: 2.888 Thread 0x4a086400 Threw 0x041604d0 at C:\re\jdk7u80\2329\hotspot\src\share\vm\prims\jvm.cpp:1319
Event: 3.061 Thread 0x4a086400 Threw 0x040be230 at C:\re\jdk7u80\2329\hotspot\src\share\vm\prims\jvm.cpp:1319

Events (10 events):
Event: 3.114 Executing VM operation: GenCollectForAllocation done
Event: 3.127 Executing VM operation: HandleFullCodeCache
Event: 3.259 Executing VM operation: HandleFullCodeCache done
Event: 3.267 Executing VM operation: GenCollectForAllocation
Event: 3.466 Executing VM operation: GenCollectForAllocation done
Event: 3.487 Executing VM operation: GenCollectForAllocation
Event: 3.566 Executing VM operation: GenCollectForAllocation done
Event: 3.593 Executing VM operation: GenCollectForAllocation
Event: 3.662 Executing VM operation: GenCollectForAllocation done
Event: 3.672 Executing VM operation: GenCollectForAllocation


Dynamic libraries:
0x00c80000 - 0x00caf000 	C:\Program Files\Java\jdk1.7.0_80\bin\java.exe
0x77240000 - 0x7737c000 	C:\Windows\SYSTEM32\ntdll.dll
0x76fc0000 - 0x77094000 	C:\Windows\system32\kernel32.dll
0x753d0000 - 0x7541b000 	C:\Windows\system32\KERNELBASE.dll
0x75e30000 - 0x75ed0000 	C:\Windows\system32\ADVAPI32.dll
0x76e80000 - 0x76f2c000 	C:\Windows\system32\msvcrt.dll
0x773a0000 - 0x773b9000 	C:\Windows\SYSTEM32\sechost.dll
0x75680000 - 0x75722000 	C:\Windows\system32\RPCRT4.dll
0x758d0000 - 0x75999000 	C:\Windows\system32\USER32.dll
0x76e30000 - 0x76e7e000 	C:\Windows\system32\GDI32.dll
0x77380000 - 0x7738a000 	C:\Windows\system32\LPK.dll
0x759a0000 - 0x75a3d000 	C:\Windows\system32\USP10.dll
0x73c70000 - 0x73e0e000 	C:\Windows\WinSxS\x86_microsoft.windows.common-controls_6595b64144ccf1df_6.0.7601.17514_none_41e6975e2bd6f2b2\COMCTL32.dll
0x75d50000 - 0x75da7000 	C:\Windows\system32\SHLWAPI.dll
0x77450000 - 0x7746f000 	C:\Windows\system32\IMM32.DLL
0x75730000 - 0x757fc000 	C:\Windows\system32\MSCTF.dll
0x68c20000 - 0x68cdf000 	C:\Program Files\Java\jdk1.7.0_80\jre\bin\msvcr100.dll
0x5d440000 - 0x5d7cb000 	C:\Program Files\Java\jdk1.7.0_80\jre\bin\client\jvm.dll
0x719a0000 - 0x719a7000 	C:\Windows\system32\WSOCK32.dll
0x76110000 - 0x76145000 	C:\Windows\system32\WS2_32.dll
0x75d40000 - 0x75d46000 	C:\Windows\system32\NSI.dll
0x75130000 - 0x75162000 	C:\Windows\system32\WINMM.dll
0x77390000 - 0x77395000 	C:\Windows\system32\PSAPI.DLL
0x73240000 - 0x7324c000 	C:\Program Files\Java\jdk1.7.0_80\jre\bin\verify.dll
0x72d90000 - 0x72db1000 	C:\Program Files\Java\jdk1.7.0_80\jre\bin\java.dll
0x72e10000 - 0x72e23000 	C:\Program Files\Java\jdk1.7.0_80\jre\bin\zip.dll

VM Arguments:
jvm_args: -Djava.awt.headless=true -Xmx1024M -Dfile.encoding=GBK -Duser.country=CN -Duser.language=zh -Duser.variant 
java_command: com.android.dx.command.Main --dex --force-jumbo --num-threads=4 --output C:\Users\Administrator\AndroidStudioProjects\FirstApplication\app\build\intermediates\pre-dexed\debug\main_e9569008f63ecbe53aca962b2999051f729e2b81.jar C:\Users\Administrator\AndroidStudioProjects\FirstApplication\app\build\intermediates\transforms\instantRun\debug\folders\1\5\main
Launcher Type: SUN_STANDARD

Environment Variables:
JAVA_HOME=C:\Program Files\Java\jdk1.7.0_80\jre
PATH=C:\Windows\system32;C:\Windows;C:\Windows\System32\Wbem;C:\Windows\System32\WindowsPowerShell\v1.0\;C:\Program Files\ATI Technologies\ATI.ACE\Core-Static;D:\Program Files\Git\cmd;D:\Program Files\IDM Computer Solutions\UltraEdit\;C:\Program Files\IDM Computer Solutions\UltraCompare\
USERNAME=Administrator
OS=Windows_NT
PROCESSOR_IDENTIFIER=x86 Family 6 Model 42 Stepping 7, GenuineIntel



---------------  S Y S T E M  ---------------

OS: Windows 7 Build 7601 Service Pack 1

CPU:total 4 (4 cores per cpu, 1 threads per core) family 6 model 42 stepping 7, cmov, cx8, fxsr, mmx, sse, sse2, sse3, ssse3, sse4.1, sse4.2, popcnt, avx, tsc, tscinvbit

Memory: 4k page, physical 3649988k(541692k free), swap 4365036k(0k free)

vm_info: Java HotSpot(TM) Client VM (24.80-b11) for windows-x86 JRE (1.7.0_80-b15), built on Apr 10 2015 13:33:35 by "java_re" with unknown MS VC++:1600

time: Sun Jul 24 20:07:37 2016
elapsed time: 4 seconds

